#
# A fatal error has been detected by the Java Runtime Environment:
#
#  EXCEPTION_PRIV_INSTRUCTION (0xc0000096) at pc=0x02202aa1, pid=3908, tid=2604
#
# JRE version: 7.0_07-b10
# Java VM: Java HotSpot(TM) Client VM (23.3-b01 mixed mode, sharing windows-x86 )
# Problematic frame:
# j  java.lang.Throwable$WrappedPrintStream.<init>(Ljava/io/PrintStream;)V+5
#
# Failed to write core dump. Minidumps are not enabled by default on client versions of Windows
#
# If you would like to submit a bug report, please visit:
#   http://bugreport.sun.com/bugreport/crash.jsp
#

---------------  T H R E A D  ---------------

Current thread (0x00a2ac00):  JavaThread "main" [_thread_in_Java, id=2604, stack(0x004a0000,0x004f0000)]

siginfo: ExceptionCode=0xc0000096

Registers:
EAX=0x00000000, EBX=0x0000003f, ECX=0x00000580, EDX=0x00000008
ESP=0x004ef488, EBP=0x004ef4d0, ESI=0x34a334f2, EDI=0x004ef4dc
EIP=0x02202aa1, EFLAGS=0x00010216

Top of Stack: (sp=0x004ef488)
0x004ef488:   004ef4dc 34a334f2 004ef4d0 004ef4a8
0x004ef498:   0000003f 00000000 004ef4b0 00000003
0x004ef4a8:   02202a9b 616211a0 00000001 34a32f45
0x004ef4b8:   004ef4dc 34a336f0 00000000 34a32f48
0x004ef4c8:   00000000 004ef4d8 004ef508 022032c7
0x004ef4d8:   24a03a68 24acf598 24acf598 24ac27f0
0x004ef4e8:   004ef4e8 389fa866 004ef514 393feae8
0x004ef4f8:   00000000 393ff0d8 004ef4d8 004ef510 

Instructions: (pc=0x02202aa1)
0x02202a81:   d0 11 62 61 e8 00 00 00 00 60 e8 e0 a8 32 5f f4
0x02202a91:   68 a0 11 62 61 e8 00 00 00 00 60 e8 cf a8 32 5f
0x02202aa1:   f4 66 90 00 00 00 00 00 00 00 00 00 00 00 00 a0
0x02202ab1:   18 00 00 8c 11 62 61 ff ff ff ff 00 00 00 00 8b 


Register to memory mapping:

EAX=0x00000000 is an unknown value
EBX=0x0000003f is an unknown value
ECX=0x00000580 is an unknown value
EDX=0x00000008 is an unknown value
ESP=0x004ef488 is pointing into the stack for thread: 0x00a2ac00
EBP=0x004ef4d0 is pointing into the stack for thread: 0x00a2ac00
ESI=0x34a334f2 is an oop
{instance class} 
 - klass: {other class}
EDI=0x004ef4dc is pointing into the stack for thread: 0x00a2ac00


Stack: [0x004a0000,0x004f0000],  sp=0x004ef488,  free space=317k
Native frames: (J=compiled Java code, j=interpreted, Vv=VM code, C=native code)
j  java.lang.Throwable$WrappedPrintStream.<init>(Ljava/io/PrintStream;)V+5
j  java.lang.Throwable.printStackTrace(Ljava/io/PrintStream;)V+6
j  java.lang.Throwable.printStackTrace()V+4
v  ~StubRoutines::call_stub
V  [jvm.dll+0x12a39a]
V  [jvm.dll+0x1d962e]
V  [jvm.dll+0x12a583]
V  [jvm.dll+0x12a5e7]
V  [jvm.dll+0xa8d70]
C  [java.exe+0x3735]
C  [java.exe+0xa0cb]
C  [java.exe+0xa155]
C  [KERNEL32.DLL+0x28543]  BaseThreadInitThunk+0xe
C  [ntdll.dll+0x5ac69]  RtlInitializeExceptionChain+0x85
C  [ntdll.dll+0x5ac3c]  RtlInitializeExceptionChain+0x58


---------------  P R O C E S S  ---------------

Java Threads: ( => current thread )
  0x021c8800 JavaThread "Service Thread" daemon [_thread_blocked, id=2844, stack(0x044d0000,0x04520000)]
  0x021c6c00 JavaThread "C1 CompilerThread0" daemon [_thread_blocked, id=4964, stack(0x04440000,0x04490000)]
  0x021ac800 JavaThread "Attach Listener" daemon [_thread_blocked, id=4408, stack(0x043b0000,0x04400000)]
  0x021aa400 JavaThread "Signal Dispatcher" daemon [_thread_blocked, id=5320, stack(0x04320000,0x04370000)]
  0x02195400 JavaThread "Finalizer" daemon [_thread_blocked, id=1964, stack(0x04290000,0x042e0000)]
  0x02193c00 JavaThread "Reference Handler" daemon [_thread_blocked, id=4592, stack(0x04200000,0x04250000)]
=>0x00a2ac00 JavaThread "main" [_thread_in_Java, id=2604, stack(0x004a0000,0x004f0000)]

Other Threads:
  0x02192800 VMThread [stack: 0x00b70000,0x00bc0000] [id=5456]
  0x021d9400 WatcherThread [stack: 0x04560000,0x045b0000] [id=5100]

VM state:not at safepoint (normal execution)

VM Mutex/Monitor currently owned by a thread: None

Heap
 def new generation   total 4928K, used 940K [0x249f0000, 0x24f40000, 0x29f40000)
  eden space 4416K,  21% used [0x249f0000, 0x24adb270, 0x24e40000)
  from space 512K,   0% used [0x24e40000, 0x24e40000, 0x24ec0000)
  to   space 512K,   0% used [0x24ec0000, 0x24ec0000, 0x24f40000)
 tenured generation   total 10944K, used 0K [0x29f40000, 0x2a9f0000, 0x349f0000)
   the space 10944K,   0% used [0x29f40000, 0x29f40000, 0x29f40200, 0x2a9f0000)
 compacting perm gen  total 12288K, used 269K [0x349f0000, 0x355f0000, 0x389f0000)
   the space 12288K,   2% used [0x349f0000, 0x34a33720, 0x34a33800, 0x355f0000)
    ro space 10240K,  42% used [0x389f0000, 0x38e2f150, 0x38e2f200, 0x393f0000)
    rw space 12288K,  54% used [0x393f0000, 0x39a6fad8, 0x39a6fc00, 0x39ff0000)

Card table byte_map: [0x00be0000,0x00c90000] byte_map_base: 0x00abb080

Polling page: 0x002b0000

Code Cache  [0x02200000, 0x02298000, 0x04200000)
 total_blobs=146 nmethods=15 adapters=67 free_code_cache=32163Kb largest_free_block=32935232

Compilation events (10 events):
Event: 0.436 Thread 0x021c6c00   11             java.lang.String::length (6 bytes)
Event: 0.436 Thread 0x021c6c00 nmethod 11 0x022931c8 code [0x022932c0, 0x02293350]
Event: 0.439 Thread 0x021c6c00   12             java.lang.AbstractStringBuilder::ensureCapacityInternal (16 bytes)
Event: 0.439 Thread 0x021c6c00 nmethod 12 0x022933c8 code [0x022934d0, 0x0229357c]
Event: 0.462 Thread 0x021c6c00   13             org.objectweb.asm.ByteVector::putUTF8 (394 bytes)
Event: 0.465 Thread 0x021c6c00 nmethod 13 0x02293608 code [0x022937a0, 0x02293d5c]
Event: 0.465 Thread 0x021c6c00   14             org.objectweb.asm.ClassReader::a (194 bytes)
Event: 0.466 Thread 0x021c6c00 nmethod 14 0x02294808 code [0x02294920, 0x02294b7c]
Event: 0.492 Thread 0x021c6c00   15             sun.nio.cs.SingleByte$Encoder::encodeArrayLoop (236 bytes)
Event: 0.497 Thread 0x021c6c00 nmethod 15 0x02294e08 code [0x02295130, 0x02295cfc]

GC Heap History (0 events):
No events

Deoptimization events (0 events):
No events

Internal exceptions (10 events):
Event: 0.397 Thread 0x00a2ac00 Threw 0x24a93468 at C:\jdk7u1_32P\jdk7u7\hotspot\src\share\vm\prims\jvm.cpp:1166
Event: 0.398 Thread 0x00a2ac00 Threw 0x24a9b1e0 at C:\jdk7u1_32P\jdk7u7\hotspot\src\share\vm\prims\jvm.cpp:1166
Event: 0.400 Thread 0x00a2ac00 Threw 0x24a9e840 at C:\jdk7u1_32P\jdk7u7\hotspot\src\share\vm\prims\jvm.cpp:1166
Event: 0.416 Thread 0x00a2ac00 Threw 0x24aa4aa8 at C:\jdk7u1_32P\jdk7u7\hotspot\src\share\vm\prims\jvm.cpp:1166
Event: 0.419 Thread 0x00a2ac00 Threw 0x24aaa628 at C:\jdk7u1_32P\jdk7u7\hotspot\src\share\vm\prims\jvm.cpp:1166
Event: 0.433 Thread 0x00a2ac00 Threw 0x24ab1318 at C:\jdk7u1_32P\jdk7u7\hotspot\src\share\vm\prims\jvm.cpp:1166
Event: 0.437 Thread 0x00a2ac00 Threw 0x24ab6c40 at C:\jdk7u1_32P\jdk7u7\hotspot\src\share\vm\prims\jvm.cpp:1166
Event: 0.460 Thread 0x00a2ac00 Threw 0x24ac27f0 at C:\jdk7u1_32P\jdk7u7\hotspot\src\share\vm\classfile\classFileError.cpp:52
Event: 0.468 Thread 0x00a2ac00 Threw 0x24ac5440 at C:\jdk7u1_32P\jdk7u7\hotspot\src\share\vm\prims\jvm.cpp:1166
Event: 0.498 Thread 0x00a2ac00 Threw 0x24ac27f0 at C:\jdk7u1_32P\jdk7u7\hotspot\src\share\vm\prims\jvm.cpp:1170

Events (10 events):
Event: 0.437 loading class 0x021f75a0
Event: 0.437 loading class 0x021f75a0 done
Event: 0.460 loading class 0x39ffb1a0
Event: 0.468 loading class 0x045e6498
Event: 0.468 loading class 0x045e6498 done
Event: 0.498 loading class 0x39ffb1a0 done
Event: 0.499 loading class 0x39ffd3d8
Event: 0.524 loading class 0x39ffd580
Event: 0.538 loading class 0x39ffd580 done
Event: 0.538 loading class 0x39ffd3d8 done


Dynamic libraries:
0x00cd0000 - 0x00cff000 	C:\Windows\SysWOW64\java.exe
0x77980000 - 0x77ad7000 	C:\Windows\SYSTEM32\ntdll.dll
0x750d0000 - 0x75200000 	C:\Windows\SYSTEM32\KERNEL32.DLL
0x754c0000 - 0x75566000 	C:\Windows\SYSTEM32\KERNELBASE.dll
0x743f0000 - 0x74497000 	C:\Windows\system32\apphelp.dll
0x75570000 - 0x7561e000 	C:\Windows\SYSTEM32\ADVAPI32.dll
0x760b0000 - 0x761c6000 	C:\Windows\SYSTEM32\USER32.dll
0x74db0000 - 0x74fa7000 	C:\Windows\WinSxS\x86_microsoft.windows.common-controls_6595b64144ccf1df_6.0.9200.16384_none_893961408605e985\COMCTL32.dll
0x75640000 - 0x756f1000 	C:\Windows\SYSTEM32\msvcrt.dll
0x75cc0000 - 0x75cf4000 	C:\Windows\SYSTEM32\sechost.dll
0x75410000 - 0x754bc000 	C:\Windows\SYSTEM32\RPCRT4.dll
0x75d90000 - 0x75e8d000 	C:\Windows\SYSTEM32\GDI32.dll
0x75020000 - 0x7503c000 	C:\Windows\SYSTEM32\SspiCli.dll
0x75010000 - 0x75019000 	C:\Windows\SYSTEM32\CRYPTBASE.dll
0x74fb0000 - 0x75001000 	C:\Windows\SYSTEM32\bcryptPrimitives.dll
0x76090000 - 0x760b0000 	C:\Windows\system32\IMM32.DLL
0x75e90000 - 0x75f6c000 	C:\Windows\SYSTEM32\MSCTF.dll
0x616f0000 - 0x617ae000 	C:\Program Files (x86)\Java\jre7\bin\msvcr100.dll
0x613a0000 - 0x616ec000 	C:\Program Files (x86)\Java\jre7\bin\client\jvm.dll
0x74a40000 - 0x74a48000 	C:\Windows\SYSTEM32\WSOCK32.dll
0x74590000 - 0x745b1000 	C:\Windows\SYSTEM32\WINMM.dll
0x753c0000 - 0x753c6000 	C:\Windows\SYSTEM32\PSAPI.DLL
0x75200000 - 0x75250000 	C:\Windows\SYSTEM32\WS2_32.dll
0x74560000 - 0x7458a000 	C:\Windows\SYSTEM32\WINMMBASE.dll
0x75260000 - 0x75268000 	C:\Windows\SYSTEM32\NSI.dll
0x61390000 - 0x6139c000 	C:\Program Files (x86)\Java\jre7\bin\verify.dll
0x61370000 - 0x61390000 	C:\Program Files (x86)\Java\jre7\bin\java.dll
0x61350000 - 0x61370000 	C:\Program Files (x86)\Java\jre7\bin\instrument.dll
0x61330000 - 0x61343000 	C:\Program Files (x86)\Java\jre7\bin\zip.dll
0x6fc20000 - 0x6fd49000 	C:\Windows\SYSTEM32\dbghelp.dll

VM Arguments:
jvm_args: -javaagent:C:\Users\Santeri\Documents\GitHub\Profiler\Profiler\target\Profiler-1.0-SNAPSHOT.jar 
java_command: C:\Users\Santeri\Documents\GitHub\Profiler\Example\target\Example-1.0-SNAPSHOT.jar
Launcher Type: SUN_STANDARD

Environment Variables:
JAVA_HOME=C:\Program Files\Java\jdk1.7.0_07
PATH=C:\Program Files (x86)\AMD APP\bin\x86_64;C:\Program Files (x86)\AMD APP\bin\x86;C:\Windows\system32;C:\Windows;C:\Windows\System32\Wbem;C:\Windows\System32\WindowsPowerShell\v1.0\;C:\Program Files\Microsoft\Web Platform Installer\;C:\Program Files (x86)\Microsoft ASP.NET\ASP.NET Web Pages\v1.0\;C:\Program Files (x86)\Windows Kits\8.0\Windows Performance Toolkit\;C:\Program Files\Microsoft SQL Server\110\Tools\Binn\;C:\Program Files (x86)\ATI Technologies\ATI.ACE\Core-Static;C:\Program Files\Java\jdk1.7.0_07\bin;C:\bin\apache-maven-3.0.4\bin;C:\bin\Python27
USERNAME=Santeri
OS=Windows_NT
PROCESSOR_IDENTIFIER=Intel64 Family 6 Model 42 Stepping 7, GenuineIntel



---------------  S Y S T E M  ---------------

OS: Windows 8 , 64 bit Build 9200 

CPU:total 4 (2 cores per cpu, 2 threads per core) family 6 model 42 stepping 7, cmov, cx8, fxsr, mmx, sse, sse2, sse3, ssse3, sse4.1, sse4.2, popcnt, avx, ht, tsc, tscinvbit

Memory: 4k page, physical 8297708k(5402848k free), swap 9542892k(6129972k free)

vm_info: Java HotSpot(TM) Client VM (23.3-b01) for windows-x86 JRE (1.7.0_07-b10), built on Aug 28 2012 19:49:22 by "java_re" with unknown MS VC++:1600

time: Tue Sep 18 14:43:25 2012
elapsed time: 0 seconds

