#
# A fatal error has been detected by the Java Runtime Environment:
#
#  EXCEPTION_PRIV_INSTRUCTION (0xc0000096) at pc=0x02642a90, pid=3996, tid=2436
#
# JRE version: 7.0_07-b10
# Java VM: Java HotSpot(TM) Client VM (23.3-b01 mixed mode windows-x86 )
# Problematic frame:
# j  java.lang.ClassFormatError.<init>(Ljava/lang/String;)V+5
#
# Failed to write core dump. Minidumps are not enabled by default on client versions of Windows
#
# If you would like to submit a bug report, please visit:
#   http://bugreport.sun.com/bugreport/crash.jsp
#

---------------  T H R E A D  ---------------

Current thread (0x0253ac00):  JavaThread "main" [_thread_in_Java, id=2436, stack(0x00460000,0x004b0000)]

siginfo: ExceptionCode=0xc0000096

Registers:
EAX=0x00000000, EBX=0x000000fe, ECX=0x00000580, EDX=0x00000008
ESP=0x004adcc8, EBP=0x004add28, ESI=0x14807c2c, EDI=0x004add34
EIP=0x02642a90, EFLAGS=0x00010216

Top of Stack: (sp=0x004adcc8)
0x004adcc8:   004add34 14807c2c 004add28 004adce8
0x004adcd8:   000000fe 02564d31 14807a58 00000000
0x004adce8:   02642a8a 616211d0 00000000 00000000
0x004adcf8:   02564d31 00000000 00000000 00000000
0x004add08:   004add08 14807c0d 004add34 14807e00
0x004add18:   00000000 14807c10 00000000 004add30
0x004add28:   004add4c 026403d7 0476ca50 0476f068
0x004add38:   614c9c62 00001fa0 02640372 0253ac00 

Instructions: (pc=0x02642a90)
0x02642a70:   40 00 00 00 e8 11 62 61 ff ff ff ff 00 00 00 00
0x02642a80:   68 d0 11 62 61 e8 00 00 00 00 60 e8 e0 a8 ee 5e
0x02642a90:   f4 68 a0 11 62 61 e8 00 00 00 00 60 e8 cf a8 ee
0x02642aa0:   5e f4 66 90 00 00 00 00 00 00 00 00 00 00 00 00 


Register to memory mapping:

EAX=0x00000000 is an unknown value
EBX=0x000000fe is an unknown value
ECX=0x00000580 is an unknown value
EDX=0x00000008 is an unknown value
ESP=0x004adcc8 is pointing into the stack for thread: 0x0253ac00
EBP=0x004add28 is pointing into the stack for thread: 0x0253ac00
ESI=0x14807c2c is an oop
{method} 
 - klass: {other class}
EDI=0x004add34 is pointing into the stack for thread: 0x0253ac00


Stack: [0x00460000,0x004b0000],  sp=0x004adcc8,  free space=311k
Native frames: (J=compiled Java code, j=interpreted, Vv=VM code, C=native code)
j  java.lang.ClassFormatError.<init>(Ljava/lang/String;)V+5
v  ~StubRoutines::call_stub
V  [jvm.dll+0x12a39a]
V  [jvm.dll+0x1d962e]
V  [jvm.dll+0x12a758]
V  [jvm.dll+0x169d37]
V  [jvm.dll+0x169eea]
V  [jvm.dll+0x16a072]
V  [jvm.dll+0x16a345]
V  [jvm.dll+0x10e1f]
V  [jvm.dll+0x14445]
V  [jvm.dll+0x17480]
V  [jvm.dll+0x17fcc]
V  [jvm.dll+0x19a2d]
V  [jvm.dll+0x2bf38]
V  [jvm.dll+0xd9880]
V  [jvm.dll+0xd9a6a]
C  [java.dll+0x1632]  Java_java_lang_ClassLoader_defineClass1+0x126


---------------  P R O C E S S  ---------------

Java Threads: ( => current thread )
  0x18789000 JavaThread "Service Thread" daemon [_thread_blocked, id=3200, stack(0x00850000,0x008a0000)]
  0x18770c00 JavaThread "C1 CompilerThread0" daemon [_thread_blocked, id=5644, stack(0x007c0000,0x00810000)]
  0x1875d800 JavaThread "Attach Listener" daemon [_thread_blocked, id=6044, stack(0x00730000,0x00780000)]
  0x1875b400 JavaThread "Signal Dispatcher" daemon [_thread_blocked, id=4200, stack(0x006a0000,0x006f0000)]
  0x02630c00 JavaThread "Finalizer" daemon [_thread_blocked, id=5812, stack(0x00610000,0x00660000)]
  0x0262c000 JavaThread "Reference Handler" daemon [_thread_blocked, id=708, stack(0x00580000,0x005d0000)]
=>0x0253ac00 JavaThread "main" [_thread_in_Java, id=2436, stack(0x00460000,0x004b0000)]

Other Threads:
  0x02628800 VMThread [stack: 0x004f0000,0x00540000] [id=592]
  0x18792000 WatcherThread [stack: 0x008e0000,0x00930000] [id=2280]

VM state:not at safepoint (normal execution)

VM Mutex/Monitor currently owned by a thread: None

Heap
 def new generation   total 4928K, used 1243K [0x04640000, 0x04b90000, 0x09b90000)
  eden space 4416K,  28% used [0x04640000, 0x04776df8, 0x04a90000)
  from space 512K,   0% used [0x04a90000, 0x04a90000, 0x04b10000)
  to   space 512K,   0% used [0x04b10000, 0x04b10000, 0x04b90000)
 tenured generation   total 10944K, used 0K [0x09b90000, 0x0a640000, 0x14640000)
   the space 10944K,   0% used [0x09b90000, 0x09b90000, 0x09b90200, 0x0a640000)
 compacting perm gen  total 12288K, used 1823K [0x14640000, 0x15240000, 0x18640000)
   the space 12288K,  14% used [0x14640000, 0x14807e30, 0x14808000, 0x15240000)
No shared spaces configured.

Card table byte_map: [0x18640000,0x186f0000] byte_map_base: 0x1861ce00

Polling page: 0x00b00000

Code Cache  [0x02640000, 0x026d8000, 0x04640000)
 total_blobs=145 nmethods=15 adapters=66 free_code_cache=32163Kb largest_free_block=32935488

Compilation events (10 events):
Event: 0.113 Thread 0x18770c00   11             java.lang.String::length (6 bytes)
Event: 0.113 Thread 0x18770c00 nmethod 11 0x026d2dc8 code [0x026d2ec0, 0x026d2f50]
Event: 0.119 Thread 0x18770c00   12             org.objectweb.asm.ByteVector::putUTF8 (394 bytes)
Event: 0.121 Thread 0x18770c00 nmethod 12 0x026d2fc8 code [0x026d3160, 0x026d371c]
Event: 0.126 Thread 0x18770c00   13             java.lang.AbstractStringBuilder::ensureCapacityInternal (16 bytes)
Event: 0.126 Thread 0x18770c00 nmethod 13 0x026d4488 code [0x026d4590, 0x026d463c]
Event: 0.127 Thread 0x18770c00   14             org.objectweb.asm.ClassReader::a (194 bytes)
Event: 0.127 Thread 0x18770c00 nmethod 14 0x026d46c8 code [0x026d47e0, 0x026d4a3c]
Event: 0.129 Thread 0x18770c00   15             sun.nio.cs.SingleByte$Encoder::encodeArrayLoop (236 bytes)
Event: 0.131 Thread 0x18770c00 nmethod 15 0x026d4cc8 code [0x026d4ff0, 0x026d5bbc]

GC Heap History (0 events):
No events

Deoptimization events (0 events):
No events

Internal exceptions (10 events):
Event: 0.100 Thread 0x0253ac00 Threw 0x047218a8 at C:\jdk7u1_32P\jdk7u7\hotspot\src\share\vm\prims\jvm.cpp:1166
Event: 0.101 Thread 0x0253ac00 Threw 0x047335b0 at C:\jdk7u1_32P\jdk7u7\hotspot\src\share\vm\prims\jvm.cpp:1166
Event: 0.102 Thread 0x0253ac00 Threw 0x047362c8 at C:\jdk7u1_32P\jdk7u7\hotspot\src\share\vm\prims\jvm.cpp:1166
Event: 0.102 Thread 0x0253ac00 Threw 0x047394d0 at C:\jdk7u1_32P\jdk7u7\hotspot\src\share\vm\prims\jvm.cpp:1166
Event: 0.102 Thread 0x0253ac00 Threw 0x0473cb30 at C:\jdk7u1_32P\jdk7u7\hotspot\src\share\vm\prims\jvm.cpp:1166
Event: 0.108 Thread 0x0253ac00 Threw 0x04742e78 at C:\jdk7u1_32P\jdk7u7\hotspot\src\share\vm\prims\jvm.cpp:1166
Event: 0.109 Thread 0x0253ac00 Threw 0x047489f8 at C:\jdk7u1_32P\jdk7u7\hotspot\src\share\vm\prims\jvm.cpp:1166
Event: 0.113 Thread 0x0253ac00 Threw 0x0474fbb8 at C:\jdk7u1_32P\jdk7u7\hotspot\src\share\vm\prims\jvm.cpp:1166
Event: 0.123 Thread 0x0253ac00 Threw 0x04756f68 at C:\jdk7u1_32P\jdk7u7\hotspot\src\share\vm\prims\jvm.cpp:1166
Event: 0.125 Thread 0x0253ac00 Threw 0x04760f70 at C:\jdk7u1_32P\jdk7u7\hotspot\src\share\vm\prims\jvm.cpp:1166

Events (10 events):
Event: 0.113 loading class 0x18765b90 done
Event: 0.113 loading class 0x025f9208
Event: 0.123 loading class 0x187659b0
Event: 0.123 loading class 0x187659b0 done
Event: 0.124 loading class 0x025f9208 done
Event: 0.124 loading class 0x18765950 done
Event: 0.125 loading class 0x18786c18
Event: 0.125 loading class 0x18786c18 done
Event: 0.132 loading class 0x02564d30
Event: 0.137 loading class 0x02564d30 done


Dynamic libraries:
0x00cd0000 - 0x00cff000 	C:\Windows\SysWOW64\java.exe
0x77980000 - 0x77ad7000 	C:\Windows\SYSTEM32\ntdll.dll
0x750d0000 - 0x75200000 	C:\Windows\SYSTEM32\KERNEL32.DLL
0x754c0000 - 0x75566000 	C:\Windows\SYSTEM32\KERNELBASE.dll
0x743f0000 - 0x74497000 	C:\Windows\system32\apphelp.dll
0x75570000 - 0x7561e000 	C:\Windows\SYSTEM32\ADVAPI32.dll
0x760b0000 - 0x761c6000 	C:\Windows\SYSTEM32\USER32.dll
0x74db0000 - 0x74fa7000 	C:\Windows\WinSxS\x86_microsoft.windows.common-controls_6595b64144ccf1df_6.0.9200.16384_none_893961408605e985\COMCTL32.dll
0x75640000 - 0x756f1000 	C:\Windows\SYSTEM32\msvcrt.dll
0x75cc0000 - 0x75cf4000 	C:\Windows\SYSTEM32\sechost.dll
0x75410000 - 0x754bc000 	C:\Windows\SYSTEM32\RPCRT4.dll
0x75d90000 - 0x75e8d000 	C:\Windows\SYSTEM32\GDI32.dll
0x75020000 - 0x7503c000 	C:\Windows\SYSTEM32\SspiCli.dll
0x75010000 - 0x75019000 	C:\Windows\SYSTEM32\CRYPTBASE.dll
0x74fb0000 - 0x75001000 	C:\Windows\SYSTEM32\bcryptPrimitives.dll
0x76090000 - 0x760b0000 	C:\Windows\system32\IMM32.DLL
0x75e90000 - 0x75f6c000 	C:\Windows\SYSTEM32\MSCTF.dll
0x616f0000 - 0x617ae000 	C:\Program Files (x86)\Java\jre7\bin\msvcr100.dll
0x613a0000 - 0x616ec000 	C:\Program Files (x86)\Java\jre7\bin\client\jvm.dll
0x74a40000 - 0x74a48000 	C:\Windows\SYSTEM32\WSOCK32.dll
0x74590000 - 0x745b1000 	C:\Windows\SYSTEM32\WINMM.dll
0x753c0000 - 0x753c6000 	C:\Windows\SYSTEM32\PSAPI.DLL
0x75200000 - 0x75250000 	C:\Windows\SYSTEM32\WS2_32.dll
0x74560000 - 0x7458a000 	C:\Windows\SYSTEM32\WINMMBASE.dll
0x75260000 - 0x75268000 	C:\Windows\SYSTEM32\NSI.dll
0x61390000 - 0x6139c000 	C:\Program Files (x86)\Java\jre7\bin\verify.dll
0x61370000 - 0x61390000 	C:\Program Files (x86)\Java\jre7\bin\java.dll
0x61350000 - 0x61370000 	C:\Program Files (x86)\Java\jre7\bin\instrument.dll
0x61330000 - 0x61343000 	C:\Program Files (x86)\Java\jre7\bin\zip.dll
0x6fc20000 - 0x6fd49000 	C:\Windows\SYSTEM32\dbghelp.dll

VM Arguments:
jvm_args: -javaagent:C:\Users\Santeri\Documents\GitHub\Profiler\Profiler\target\Profiler-1.0-SNAPSHOT.jar 
java_command: C:\Users\Santeri\Documents\GitHub\Profiler\Example\target\Example-1.0-SNAPSHOT.jar
Launcher Type: SUN_STANDARD

Environment Variables:
JAVA_HOME=C:\Program Files\Java\jdk1.7.0_07
PATH=C:\Program Files (x86)\AMD APP\bin\x86_64;C:\Program Files (x86)\AMD APP\bin\x86;C:\Windows\system32;C:\Windows;C:\Windows\System32\Wbem;C:\Windows\System32\WindowsPowerShell\v1.0\;C:\Program Files\Microsoft\Web Platform Installer\;C:\Program Files (x86)\Microsoft ASP.NET\ASP.NET Web Pages\v1.0\;C:\Program Files (x86)\Windows Kits\8.0\Windows Performance Toolkit\;C:\Program Files\Microsoft SQL Server\110\Tools\Binn\;C:\Program Files (x86)\ATI Technologies\ATI.ACE\Core-Static;C:\Program Files\Java\jdk1.7.0_07\bin;C:\bin\apache-maven-3.0.4\bin;C:\bin\Python27
USERNAME=Santeri
OS=Windows_NT
PROCESSOR_IDENTIFIER=Intel64 Family 6 Model 42 Stepping 7, GenuineIntel



---------------  S Y S T E M  ---------------

OS: Windows 8 , 64 bit Build 9200 

CPU:total 4 (2 cores per cpu, 2 threads per core) family 6 model 42 stepping 7, cmov, cx8, fxsr, mmx, sse, sse2, sse3, ssse3, sse4.1, sse4.2, popcnt, avx, ht, tsc, tscinvbit

Memory: 4k page, physical 8297708k(5349492k free), swap 9542892k(6088248k free)

vm_info: Java HotSpot(TM) Client VM (23.3-b01) for windows-x86 JRE (1.7.0_07-b10), built on Aug 28 2012 19:49:22 by "java_re" with unknown MS VC++:1600

time: Tue Sep 18 14:49:24 2012
elapsed time: 0 seconds

